# TOTAL_GENES = 18375
# TEST_DIRECTION = one-sided, positive (set), two-sided (covar)
# CONDITIONED_INTERNAL = gene size, gene density, sample size, inverse mac, log(gene size), log(gene density), log(sample size), log(inverse mac)
VARIABLE                             TYPE  NGENES         BETA     BETA_STD           SE            P FULL_NAME
(R)-(-)-apomorphine                   SET      15     -0.35101    -0.010025      0.28558      0.89048 (R)-(-)-apomorphine
17-hydroxyprogesterone-capro...       SET       6     -0.15935   -0.0028791      0.46719      0.63348 17-hydroxyprogesterone-caproate
5-fluorouracil                        SET       2     -0.25251   -0.0026343      0.83218      0.61922 5-fluorouracil
abemaciclib                           SET       2      0.88504    0.0092332      0.66128     0.090397 abemaciclib
abiraterone                           SET       2     -0.71798   -0.0074903      0.55696      0.90131 abiraterone
acarbose                              SET       2      0.41588    0.0043387      0.85923      0.31419 acarbose
acemetacin                            SET       2      -1.3544    -0.014129      0.78597      0.95756 acemetacin
acepromazine                          SET       6     -0.86752    -0.015674       0.4942       0.9604 acepromazine
acetazolamide                         SET       8     -0.46066   -0.0096101      0.46028      0.84154 acetazolamide
acetohexamide                         SET       4        1.359     0.020049      0.54557    0.0063748 acetohexamide
acetylcholine                         SET       7      0.13825     0.002698      0.37961      0.35786 acetylcholine
acetylcysteine                        SET      11      -0.3628   -0.0088743      0.31305      0.87675 acetylcysteine
acitretin                             SET       8      0.14278    0.0029787      0.37572      0.35196 acitretin
aclarubicin                           SET       2      0.25694    0.0026805      0.55054      0.32036 aclarubicin
aclidinium                            SET       5    -0.014864  -0.00024517      0.47776      0.51241 aclidinium
adapalene                             SET       6     0.045629   0.00082441      0.45704      0.46024 adapalene
adenosine                             SET       7     0.053453    0.0010431      0.33719      0.43702 adenosine
afatinib                              SET       3      0.52801    0.0067463       0.6282      0.20032 afatinib
agomelatine                           SET       4       1.3821      0.02039      0.60797     0.011511 agomelatine
albendazole                           SET       3      0.20365     0.002602      0.47068      0.33263 albendazole
alectinib                             SET       2     -0.42061    -0.004388      0.83749      0.69224 alectinib
alendronate                           SET       5    -0.014877  -0.00024539      0.41105      0.51444 alendronate
alfacalcidol                          SET       2     -0.88361   -0.0092183      0.64025      0.91621 alfacalcidol
almotriptan                           SET       2       1.6232     0.016934      0.83488     0.025943 almotriptan
alpelisib                             SET       4    -0.019205  -0.00028334      0.58936        0.513 alpelisib
alprostadil                           SET       9     -0.31224   -0.0069087      0.28974       0.8594 alprostadil
alvimopan                             SET       3      0.21645    0.0027655      0.65575      0.37067 alvimopan
amantadine                            SET       6     -0.19067   -0.0034449      0.45866      0.66118 amantadine
ambrisentan                           SET       2    -0.017571  -0.00018331      0.82277      0.50852 ambrisentan
amiloride                             SET      14      0.46481     0.012825      0.28111     0.049124 amiloride
aminocaproic-acid                     SET       3     -0.34292   -0.0043814      0.62329       0.7089 aminocaproic-acid
aminoglutethimide                     SET       2      0.10508    0.0010962      0.84387      0.45045 aminoglutethimide
aminophylline                         SET      12      0.24086    0.0061534      0.27814      0.19326 aminophylline
aminosalicylate                       SET       5     -0.78738    -0.012987      0.54328      0.92637 aminosalicylate
amiodarone                            SET       5      0.68165     0.011243       0.5218     0.095729 amiodarone
amitriptyline                         SET      34     -0.24267    -0.010429      0.19699      0.89099 amitriptyline
amlexanox                             SET       8     -0.11409     -0.00238      0.38319      0.61704 amlexanox
amoxapine                             SET      41     -0.43788    -0.020662      0.18441      0.99121 amoxapine
amoxicillin                           SET       4     -0.32224   -0.0047539      0.62656      0.69647 amoxicillin
amperozide                            SET       2     -0.17289   -0.0018037      0.71915      0.59499 amperozide
ampiroxicam                           SET       2      -1.3544    -0.014129      0.78597      0.95756 ampiroxicam
amrinone                              SET       4      0.50829    0.0074988      0.52235      0.16527 amrinone
amsacrine                             SET       2      0.29599    0.0030879      0.60069       0.3111 amsacrine
amtolmetin-guacil                     SET       2      -1.3544    -0.014129      0.78597      0.95756 amtolmetin-guacil
apremilast                            SET       4      0.18874    0.0027845      0.50296      0.35373 apremilast
aripiprazole                          SET      24     -0.26055   -0.0094105      0.23297      0.86829 aripiprazole
aspirin                               SET      18     -0.26128   -0.0081739       0.2561      0.84619 aspirin
atenolol-(+/-)                        SET       4      0.13585    0.0020042      0.58769       0.4086 atenolol-(+/-)
atomoxetine                           SET      10     -0.23744   -0.0055377       0.3435      0.75528 atomoxetine
atorvastatin                          SET       3      0.85829     0.010966      0.70421      0.11147 atorvastatin
auranofin                             SET       3     -0.18512   -0.0023653      0.55474       0.6307 auranofin
axitinib                              SET       5      0.36508    0.0060215      0.43587      0.20114 axitinib
azacitidine                           SET       2       1.8892     0.019709      0.84611     0.012788 azacitidine
azaperone                             SET       2     0.034379   0.00035866      0.81115       0.4831 azaperone
azathioprine                          SET       2     -0.43692   -0.0045581      0.75517      0.71855 azathioprine
azelaic-acid                          SET       3     -0.72153   -0.0092189        0.755      0.83038 azelaic-acid
bambuterol                            SET       2     -0.46824   -0.0048849      0.86575      0.70569 bambuterol
baricitinib                           SET       2     -0.73585   -0.0076767      0.84188      0.80895 baricitinib
bazedoxifene                          SET       2      0.74366    0.0077582      0.79127      0.17366 bazedoxifene
belinostat                            SET       9      0.31099    0.0068812       0.3365       0.1777 belinostat
bendroflumethiazide                   SET       2    0.0080872    8.437e-05      0.85324      0.49622 bendroflumethiazide
benzoic-acid                          SET       2     -0.39355   -0.0041057      0.62475      0.73562 benzoic-acid
benztropine-mesylate                  SET       3     -0.70979   -0.0090688      0.63602      0.86778 benztropine-mesylate
betahistine                           SET       2     0.090935   0.00094868      0.80714      0.45515 betahistine
bexarotene                            SET       3     -0.11902   -0.0015207      0.58836      0.58015 bexarotene
bezafibrate                           SET       3       2.5559     0.032656       0.6734    7.392e-05 bezafibrate
binimetinib                           SET       2      0.47849    0.0049918      0.83891      0.28422 binimetinib
blonanserin                           SET       2     -0.39488   -0.0041196      0.83118      0.68263 blonanserin
bortezomib                            SET      22      0.17908    0.0061929      0.21239      0.19958 bortezomib
bosentan                              SET       2    -0.017571  -0.00018331      0.82277      0.50852 bosentan
bosutinib                             SET      19    -0.041211   -0.0013245       0.2323       0.5704 bosutinib
brimonidine                           SET       3     -0.63571   -0.0081223      0.61527      0.84924 brimonidine
brinzolamide                          SET       7     -0.63382    -0.012369      0.42017      0.93427 brinzolamide
bromocriptine                         SET      18     -0.37369     -0.01169      0.27482      0.91304 bromocriptine
bumetanide                            SET       6     -0.11235   -0.0020299      0.38061      0.61607 bumetanide
buspirone                             SET       2     -0.73758   -0.0076948      0.83454       0.8116 buspirone
butalbital                            SET      17     -0.18065   -0.0054922      0.30931      0.72039 butalbital
cabergoline                           SET      19     -0.29705   -0.0095472         0.27      0.86437 cabergoline
cabozantinib                          SET       3     -0.37917   -0.0048446      0.67116      0.71394 cabozantinib
caffeine                              SET      36      0.13248    0.0058582      0.17933      0.23004 caffeine
canagliflozin                         SET       2       2.0086     0.020954      0.77307    0.0046897 canagliflozin
capsaicin                             SET       2        1.022     0.010662      0.84378      0.11291 capsaicin
captopril                             SET       4       1.0274     0.015157      0.56208     0.033795 captopril
carbachol                             SET       6     -0.13211    -0.002387      0.44412      0.61695 carbachol
carbamazepine                         SET      10     0.048367    0.0011281      0.41339      0.45343 carbamazepine
carbendazim                           SET       2      0.42444     0.004428      0.55968      0.22412 carbendazim
carbenoxolone                         SET      23      0.35346     0.012498      0.22049     0.054469 carbenoxolone
carfilzomib                           SET      19      0.12687    0.0040775      0.22987      0.29051 carfilzomib
cariprazine                           SET       2     0.034379   0.00035866      0.81115       0.4831 cariprazine
carteolol                             SET       3    0.0074367   9.5017e-05      0.70572       0.4958 carteolol
cefadroxil                            SET       4     -0.73495    -0.010843      0.62021      0.88198 cefadroxil
celecoxib                             SET       3     -0.36123   -0.0046154      0.69637      0.69802 celecoxib
celiprolol                            SET       3      0.95785     0.012238      0.68905     0.082257 celiprolol
ceritinib                             SET       5      0.82817      0.01366      0.53887     0.062173 ceritinib
chenodeoxycholic-acid                 SET       2     0.089866   0.00093753      0.64544      0.44463 chenodeoxycholic-acid
chlorothiazide                        SET       4     -0.90786    -0.013394      0.52434       0.9583 chlorothiazide
chlorotrianisene                      SET       2      0.74366    0.0077582      0.79127      0.17366 chlorotrianisene
chlorpromazine                        SET      25     -0.48651    -0.017933      0.23316      0.98153 chlorpromazine
chlorpropamide                        SET       2      0.97564     0.010178      0.78758      0.10772 chlorpropamide
chlorthalidone                        SET       7     -0.45724   -0.0089229      0.42244      0.86045 chlorthalidone
chlorzoxazone                         SET       2     -0.39957   -0.0041685      0.80111      0.69103 chlorzoxazone
cholic-acid                           SET      16     -0.14344    -0.004231      0.23358      0.73042 cholic-acid
ciclesonide                           SET       2      -1.0735      -0.0112      0.80786      0.90805 ciclesonide
cilostazol                            SET       2       1.5239     0.015898        0.705     0.015332 cilostazol
cimetidine                            SET       4     0.022398   0.00033044      0.67462      0.48676 cimetidine
cinchocaine                           SET       3      -0.5259   -0.0067194      0.71185      0.76997 cinchocaine
citalopram                            SET       6     -0.99309    -0.017943      0.45182      0.98602 citalopram
cladribine                            SET       9      0.12678    0.0028053      0.32877      0.34989 cladribine
clebopride                            SET       2      0.69187     0.007218      0.61358      0.12975 clebopride
cleviprex                             SET       3     -0.43741   -0.0055887      0.66701      0.74401 cleviprex
clobetasol-propionate                 SET       2     -0.27712   -0.0028911      0.67042      0.66033 clobetasol-propionate
clocortolone-pivalate                 SET       2     -0.27712   -0.0028911      0.67042      0.66033 clocortolone-pivalate
clofarabine                           SET       5     -0.35463   -0.0058493      0.52421      0.75064 clofarabine
clofibrate                            SET       2       2.6849     0.028011      0.85391   0.00083387 clofibrate
clomipramine                          SET       6     -0.50627   -0.0091471       0.4483      0.87061 clomipramine
clonidine                             SET       6     -0.92182    -0.016655      0.46381      0.97656 clonidine
cloprostenol-(+/-)                    SET       5     -0.11895    -0.001962      0.49999      0.59402 cloprostenol-(+/-)
clotrimazole                          SET       7     -0.50843    -0.009922      0.41535      0.88954 clotrimazole
clozapine                             SET      30     -0.41684    -0.016829       0.2043      0.97933 clozapine
cobicistat                            SET       4      0.66441     0.009802      0.59729        0.133 cobicistat
colchicine                            SET      17     0.027838   0.00084638      0.23417      0.45269 colchicine
copanlisib                            SET       4    -0.019205  -0.00028334      0.58936        0.513 copanlisib
coumarin                              SET       8     -0.37463   -0.0078154       0.3758      0.84058 coumarin
crisaborole                           SET       4      0.18874    0.0027845      0.50296      0.35373 crisaborole
crizotinib                            SET       2     -0.42061    -0.004388      0.83749      0.69224 crizotinib
cromoglicic-acid                      SET       2     -0.56288   -0.0058723      0.82871       0.7515 cromoglicic-acid
cyclizine                             SET       2      0.39661    0.0041377      0.71794      0.29033 cyclizine
cyclophosphamide                      SET      10     0.094837    0.0022119      0.38303      0.40222 cyclophosphamide
cyclosporin-A                         SET      10       0.2669    0.0062247      0.34742      0.22118 cyclosporin-A
cyclothiazide                         SET       5     -0.63684    -0.010504      0.46696      0.91368 cyclothiazide
cyproheptadine                        SET      10       -0.725    -0.016909      0.36823      0.97551 cyproheptadine
cytarabine                            SET       3     -0.72123    -0.009215      0.59941      0.88555 cytarabine
cytisine                              SET       7    -0.031328  -0.00061136      0.46911      0.52662 cytisine
dabrafenib                            SET       5      0.65741     0.010843      0.49675     0.092854 dabrafenib
dacarbazine                           SET       2      0.64537    0.0067328      0.74345      0.19268 dacarbazine
dalfampridine                         SET      41     0.084779    0.0040003      0.17317      0.31222 dalfampridine
danazol                               SET       4       1.1215     0.016546      0.60175     0.031184 danazol
dantrolene                            SET       2     -0.13068   -0.0013633      0.82842      0.56267 dantrolene
darifenacin                           SET       5    -0.014864  -0.00024517      0.47776      0.51241 darifenacin
dasatinib                             SET      16      -0.1905    -0.005619      0.27658      0.75451 dasatinib
daunorubicin                          SET       2     -0.44111   -0.0046019      0.60695      0.76631 daunorubicin
decamethonium                         SET       2      0.40048     0.004178      0.62522      0.26091 decamethonium
decitabine                            SET       2       1.8892     0.019709      0.84611     0.012788 decitabine
dehydroepiandrosterone                SET      29     -0.13109   -0.0052038       0.2073      0.73642 dehydroepiandrosterone
demecarium                            SET       2      0.48588     0.005069      0.63019      0.22036 demecarium
deoxycholic-acid                      SET       2    -0.091824  -0.00095795      0.67508       0.5541 deoxycholic-acid
dequalinium                           SET       2      0.37338    0.0038953      0.79573      0.31946 dequalinium
deserpidine                           SET       2       1.1956     0.012473      0.85133     0.080116 deserpidine
desipramine                           SET      20     -0.39918    -0.013163      0.25203      0.94338 desipramine
desoximetasone                        SET       2     -0.27712   -0.0028911      0.67042      0.66033 desoximetasone
dexamethasone                         SET       4     -0.87945    -0.012975      0.60382      0.92736 dexamethasone
dexrazoxane                           SET       2     -0.44111   -0.0046019      0.60695      0.76631 dexrazoxane
dextromethorphan                      SET      19     -0.11917   -0.0038302      0.26571       0.6731 dextromethorphan
diazoxide                             SET       7      0.49809    0.0097201      0.41087      0.11271 diazoxide
diclofenac                            SET      11     0.017247   0.00042188      0.34696      0.48018 diclofenac
diclofenamide                         SET       5     -0.58471   -0.0096442      0.48973      0.88374 diclofenamide
dicoumarol                            SET       3    -0.071508  -0.00091365      0.44233      0.56421 dicoumarol
dicycloverine                         SET       3     -0.80487    -0.010284      0.65251       0.8913 dicycloverine
diethylcarbamazine                    SET       2     -0.82739   -0.0086318      0.82818      0.84111 diethylcarbamazine
diflunisal                            SET       2      -1.3544    -0.014129      0.78597      0.95756 diflunisal
dihydroergocristine                   SET      14     -0.36011   -0.0099366      0.31913      0.87042 dihydroergocristine
dihydroergotamine                     SET       8      0.41894    0.0087398      0.41706      0.15757 dihydroergotamine
diltiazem                             SET       6     -0.55657    -0.010056      0.46567      0.88399 diltiazem
dinoprost                             SET       8     0.025071   0.00052302      0.35033      0.47147 dinoprost
diphenidol                            SET       4     -0.28672     -0.00423      0.56764      0.69326 diphenidol
diphenylpyraline                      SET       2      -0.5805   -0.0060561      0.81247      0.76253 diphenylpyraline
dipyridamole                          SET      25       0.2433    0.0089684      0.19801       0.1096 dipyridamole
disopyramide                          SET       7     -0.13325   -0.0026004      0.44001      0.61899 disopyramide
disulfiram                            SET       2     -0.39411   -0.0041116      0.74752      0.70098 disulfiram
dobutamine                            SET       2      0.85566    0.0089267      0.86513      0.16132 dobutamine
docetaxel                             SET      21      0.26119     0.008825      0.21383      0.11096 docetaxel
domperidone                           SET       2     0.034379   0.00035866      0.81115       0.4831 domperidone
dopamine                              SET      11      -0.8216    -0.020097      0.35391      0.98986 dopamine
dorzolamide                           SET       6     -0.62996    -0.011382      0.44931      0.91954 dorzolamide
dosulepin                             SET       8     -0.23505   -0.0049036      0.37956      0.73213 dosulepin
doxepin                               SET       3     -0.61182   -0.0078172      0.62495       0.8362 doxepin
doxofylline                           SET       5      0.20861    0.0034408      0.41221      0.30641 doxofylline
dronedarone                           SET      18     -0.29743   -0.0093048      0.26789      0.86655 dronedarone
droperidol                            SET       5     -0.67384    -0.011114      0.52405      0.90074 droperidol
drospirenone                          SET       2     -0.44158   -0.0046068      0.85646      0.69692 drospirenone
droxidopa                             SET      10     -0.71314    -0.016632      0.36991      0.97306 droxidopa
duloxetine                            SET       5      -0.9155      -0.0151      0.50338      0.96551 duloxetine
dyclonine                             SET       2      -0.2776   -0.0028961      0.87375      0.62465 dyclonine
econazole                             SET       4     -0.25668   -0.0037868       0.5278      0.68663 econazole
edrophonium                           SET       2      0.48588     0.005069      0.63019      0.22036 edrophonium
efavirenz                             SET       6     -0.37527   -0.0067803      0.47147      0.78697 efavirenz
eflornithine                          SET       2      0.29772    0.0031059      0.74501      0.34472 eflornithine
empagliflozin                         SET       2       2.0086     0.020954      0.77307    0.0046897 empagliflozin
enflurane                             SET      20     -0.20044   -0.0066093      0.28068      0.76242 enflurane
ephedrine-(racemic)                   SET      20     -0.26072   -0.0085972      0.25541      0.84632 ephedrine-(racemic)
epinephrine                           SET      11     -0.74074    -0.018119      0.34804      0.98334 epinephrine
epirizole                             SET       2      -1.3544    -0.014129      0.78597      0.95756 epirizole
epirubicin                            SET       2     -0.18568   -0.0019371      0.60571      0.62041 epirubicin
ergotamine                            SET      18       -0.259   -0.0081024      0.27627      0.82573 ergotamine
erlotinib                             SET       2     0.089408   0.00093275      0.79453       0.4552 erlotinib
erythromycin-estolate                 SET       7     -0.16278   -0.0031765      0.39041      0.66164 erythromycin-estolate
erythromycin-ethylsuccinate           SET       7     -0.16278   -0.0031765      0.39041      0.66164 erythromycin-ethylsuccinate
estradiol                             SET       5     0.085688    0.0014133      0.47714      0.42874 estradiol
estramustine                          SET       4        0.417     0.006152      0.50444      0.20422 estramustine
estramustine-phosphate                SET       4        0.417     0.006152      0.50444      0.20422 estramustine-phosphate
estriol                               SET       2      0.74366    0.0077582      0.79127      0.17366 estriol
estrone                               SET       2      0.74366    0.0077582      0.79127      0.17366 estrone
estropipate                           SET       2      0.74366    0.0077582      0.79127      0.17366 estropipate
etacrynic-acid                        SET       2       1.1799     0.012309      0.87597     0.089009 etacrynic-acid
ethinyl-estradiol                     SET       3      0.28099    0.0035901      0.63053      0.32793 ethinyl-estradiol
ethosuximide                          SET       3     -0.13039    -0.001666      0.69302      0.57462 ethosuximide
etidronic-acid                        SET       2      0.35683    0.0037226      0.64944      0.29136 etidronic-acid
etilefrine                            SET       2      0.10994     0.001147      0.86197      0.44925 etilefrine
etofenamate                           SET       2      -1.3544    -0.014129      0.78597      0.95756 etofenamate
etomidate                             SET      14     -0.38758    -0.010695      0.33269      0.87799 etomidate
etoposide                             SET       2     -0.44111   -0.0046019      0.60695      0.76631 etoposide
etravirine                            SET       3         -0.4   -0.0051108       0.7351      0.70683 etravirine
ezetimibe                             SET       3      0.32509    0.0041536      0.58281       0.2885 ezetimibe
fadrozole                             SET       2     -0.43593   -0.0045479      0.61726      0.75998 fadrozole
fasudil                               SET       4     -0.96328    -0.014211       0.4762      0.97845 fasudil
fedratinib                            SET       5      0.16517    0.0027243      0.51992      0.37536 fedratinib
felbamate                             SET       7      0.17993    0.0035114      0.40621       0.3289 felbamate
fenbufen                              SET       2      -1.3544    -0.014129      0.78597      0.95756 fenbufen
fenigam                               SET       2     -0.69276   -0.0072272      0.82718      0.79884 fenigam
fenofibrate                           SET       2     0.041743   0.00043549      0.79659       0.4791 fenofibrate
fentiazac                             SET       2      -1.3544    -0.014129      0.78597      0.95756 fentiazac
finasteride                           SET       3     -0.76374   -0.0097581      0.76359      0.84138 finasteride
fingolimod                            SET       2     -0.58067   -0.0060578      0.82177      0.76009 fingolimod
flavoxate                             SET       2     -0.67495   -0.0070414      0.78225      0.80588 flavoxate
flecainide                            SET       3    -0.022465  -0.00028703      0.68135      0.51315 flecainide
floctafenine                          SET       2      -1.3544    -0.014129      0.78597      0.95756 floctafenine
fludarabine                           SET       4      0.52679    0.0077718      0.58124      0.18239 fludarabine
fludarabine-phosphate                 SET       5     -0.35463   -0.0058493      0.52421      0.75064 fludarabine-phosphate
fludroxycortide                       SET       2      -1.0735      -0.0112      0.80786      0.90805 fludroxycortide
flumazenil                            SET      13     -0.27727   -0.0073727      0.35769      0.78088 flumazenil
flumethasone                          SET       2     -0.27712   -0.0028911      0.67042      0.66033 flumethasone
flunarizine                           SET       5     -0.17263   -0.0028473      0.52884      0.62795 flunarizine
fluocinolone-acetonide                SET       2      -1.0735      -0.0112      0.80786      0.90805 fluocinolone-acetonide
fluocinonide                          SET       3     -0.57921   -0.0074004      0.67104      0.80597 fluocinonide
fluoxetine                            SET       3    -0.047897  -0.00061197      0.63424       0.5301 fluoxetine
flupentixol                           SET       7     -0.67587     -0.01319      0.44113      0.93725 flupentixol
fluphenazine                          SET       8      -0.3415   -0.0071243      0.41615      0.79407 fluphenazine
flupirtine                            SET       3       2.8664     0.036623      0.68247   1.3411e-05 flupirtine
fluspirilene                          SET       7    -0.062124   -0.0012123       0.4303       0.5574 fluspirilene
fluticasone-propionate                SET       4     -0.53459   -0.0078868      0.60555      0.81133 fluticasone-propionate
folic-acid                            SET       4      0.18631    0.0027487      0.53061      0.36275 folic-acid
fomepizole                            SET       5      0.31104    0.0051302      0.52282      0.27595 fomepizole
fosfosal                              SET       2      -1.3544    -0.014129      0.78597      0.95756 fosfosal
fulvestrant                           SET       3      0.57825    0.0073882      0.60394      0.16917 fulvestrant
furosemide                            SET       4       0.2912    0.0042961      0.49406       0.2778 furosemide
gabapentin                            SET      33    -0.023571  -0.00099803      0.19657      0.54772 gabapentin
gabexate                              SET       2      0.50787    0.0052983      0.87217      0.28019 gabexate
galantamine                           SET      18     0.067287     0.002105      0.26534      0.39991 galantamine
gallamine-triethiodide                SET       2     -0.83149   -0.0086745      0.86917      0.83062 gallamine-triethiodide
gemcitabine                           SET       4     -0.31732   -0.0046814      0.57402       0.7098 gemcitabine
gemfibrozil                           SET       5      0.43986     0.007255      0.51053      0.19447 gemfibrozil
gestrinone                            SET       2       1.2112     0.012636      0.85673     0.078719 gestrinone
glimepiride                           SET       3       2.0337     0.025984      0.64272   0.00077898 glimepiride
glipizide                             SET       4       2.5659     0.037855       0.5434   1.1768e-06 glipizide
gliquidone                            SET       3       1.2937     0.016529      0.65969     0.024945 gliquidone
glyburide                             SET      11       1.2127     0.029664      0.34801   0.00024693 glyburide
glycopyrrolate                        SET       5    -0.014864  -0.00024517      0.47776      0.51241 glycopyrrolate
goserelin-acetate                     SET       2       1.0826     0.011294       1.1238      0.16771 goserelin-acetate
guanaben-acetate                      SET       3     -0.63571   -0.0081223      0.61527      0.84924 guanaben-acetate
guanfacine                            SET       3     -0.63571   -0.0081223      0.61527      0.84924 guanfacine
haloperidol                           SET      13     -0.26417   -0.0070242       0.3275      0.79005 haloperidol
hexachlorophene                       SET       2      0.18011     0.001879      0.61881       0.3855 hexachlorophene
hexestrol                             SET       3      0.28854    0.0036866      0.66339       0.3318 hexestrol
histamine                             SET       4     -0.39194   -0.0057823      0.56609      0.75564 histamine
hydrochlorothiazide                   SET       7      -0.6099    -0.011902      0.39618      0.93814 hydrochlorothiazide
hydrocortisone                        SET       4     -0.87945    -0.012975      0.60382      0.92736 hydrocortisone
hydroflumethiazide                    SET       9     -0.30596   -0.0067697      0.36099      0.80165 hydroflumethiazide
hydroxyurea                           SET       3     -0.15689   -0.0020046      0.71363      0.58701 hydroxyurea
hyoscyamine                           SET       4     -0.28672     -0.00423      0.56764      0.69326 hyoscyamine
ibudilast                             SET       8      0.24061    0.0050195      0.36292      0.25368 ibudilast
ibuprofen-(S)                         SET       4     -0.82423     -0.01216      0.55383      0.93165 ibuprofen-(S)
ibuprofen-piconol                     SET       2      -1.3544    -0.014129      0.78597      0.95756 ibuprofen-piconol
ibutilide                             SET       2       1.1519     0.012018      0.81824       0.0796 ibutilide
icosapent                             SET       9      0.52685     0.011657      0.37784     0.081614 icosapent
idelalisib                            SET       4    -0.019205  -0.00028334      0.58936        0.513 idelalisib
ifosfamide                            SET      10    -0.014971  -0.00034915      0.39546       0.5151 ifosfamide
iloperidone                           SET      11     -0.62367    -0.015255      0.35467      0.96065 iloperidone
iloprost                              SET       8     -0.21001   -0.0043812      0.35143      0.72494 iloprost
imatinib                              SET       8      0.44157    0.0092119      0.43697      0.15613 imatinib
imipramine                            SET      23     -0.49822    -0.017616      0.23998      0.98105 imipramine
indacaterol                           SET       2      0.85566    0.0089267      0.86513      0.16132 indacaterol
indapamide                            SET       3        1.223     0.015626      0.55283      0.01348 indapamide
indinavir                             SET       3      0.66757    0.0085294      0.65773      0.15507 indinavir
indobufen                             SET       2      -1.3544    -0.014129      0.78597      0.95756 indobufen
indomethacin                          SET       9      0.31382    0.0069438       0.3462      0.18235 indomethacin
indoramin                             SET       5      -1.3309    -0.021952      0.50786      0.99561 indoramin
ingenol-mebutate                      SET       5     -0.33557   -0.0055348      0.52724      0.73776 ingenol-mebutate
irbesartan                            SET       3    -0.057165  -0.00073039      0.65086      0.53499 irbesartan
irinotecan                            SET       2      0.52791    0.0055075      0.72488      0.23323 irinotecan
isoniazid                             SET       5     -0.83293    -0.013738      0.51047      0.94862 isoniazid
isoprenaline                          SET       3    0.0074367   9.5017e-05      0.70572       0.4958 isoprenaline
isosorbide-dinitrate                  SET       2      0.26537    0.0027684      0.79158      0.36873 isosorbide-dinitrate
isotretinoin                          SET       3      0.29613    0.0037837      0.72573      0.34162 isotretinoin
isradipine                            SET       2      -2.2679     -0.02366      0.84109      0.99649 isradipine
istradefylline                        SET       4     -0.13589   -0.0020047      0.45544      0.61728 istradefylline
itopride                              SET       2     -0.38561   -0.0040229      0.81619       0.6817 itopride
ketanserin                            SET      14      -0.2233   -0.0061615      0.32532      0.75376 ketanserin
ketoprofen                            SET       3     -0.92479    -0.011816      0.66205      0.91876 ketoprofen
L-citrulline                          SET      12    0.0069972   0.00017876      0.35164      0.49206 L-citrulline
L-glutamine                           SET       4     -0.15701   -0.0023164      0.49463      0.62454 L-glutamine
lamotrigine                           SET      10     0.048367    0.0011281      0.41339      0.45343 lamotrigine
lapatinib                             SET       2      0.45673    0.0047649      0.74551      0.27006 lapatinib
laropiprant                           SET       8     -0.20957   -0.0043721      0.38316       0.7078 laropiprant
leflunomide                           SET       3     -0.24177   -0.0030891       0.6479      0.64548 leflunomide
lenvatinib                            SET       2     -0.10209    -0.001065      0.86699      0.54687 lenvatinib
levallorphan                          SET       2      0.71024    0.0074096      0.77747      0.18049 levallorphan
levetiracetam                         SET       3      0.17106    0.0021857      0.53641       0.3749 levetiracetam
levobunolol                           SET       3    0.0074367   9.5017e-05      0.70572       0.4958 levobunolol
levocabastine                         SET       2      0.51225     0.005344      0.82057      0.26623 levocabastine
levodopa                              SET       5     -0.31056   -0.0051223      0.52775      0.72188 levodopa
levomepromazine                       SET      18     -0.41936    -0.013119      0.26623      0.94239 levomepromazine
levosimendan                          SET       4      0.64901    0.0095749      0.45048     0.074843 levosimendan
levosulpiride                         SET       5      0.11137    0.0018369      0.44271      0.40069 levosulpiride
levothyroxine                         SET       2     -0.54179   -0.0056523      0.76827      0.75966 levothyroxine
lidocaine                             SET       4       0.2137    0.0031528      0.61013      0.36308 lidocaine
lidoflazine                           SET       3      0.11596    0.0014815      0.61864      0.42566 lidoflazine
liothyronine                          SET       2     -0.54179   -0.0056523      0.76827      0.75966 liothyronine
lobeline                              SET       3    -0.055091  -0.00070388      0.68444      0.53208 lobeline
lofepramine                           SET       3      -1.3291    -0.016982      0.64824      0.97983 lofepramine
lomerizine                            SET       2       1.1611     0.012114      0.84551     0.084838 lomerizine
loperamide                            SET       6     0.054155   0.00097846      0.47596      0.45471 loperamide
lornoxicam                            SET       2      -1.3544    -0.014129      0.78597      0.95756 lornoxicam
lovastatin                            SET       4     0.046712   0.00068914      0.57282       0.4675 lovastatin
loxapine                              SET      31      -0.3218    -0.013207      0.20532      0.94147 loxapine
lurasidone                            SET       6     -0.68313    -0.012343      0.48932      0.91865 lurasidone
lypressin                             SET       2      -1.3993    -0.014599       0.8653      0.94707 lypressin
macitentan                            SET       2    -0.017571  -0.00018331      0.82277      0.50852 macitentan
mafenide                              SET       6     -0.61425    -0.011098      0.40224      0.93662 mafenide
masitinib                             SET       4       1.2286     0.018126      0.55331       0.0132 masitinib
mebendazole                           SET       3      0.20365     0.002602      0.47068      0.33263 mebendazole
mecamylamine                          SET       7     -0.18919    -0.003692      0.47833      0.65377 mecamylamine
meclofenamic-acid                     SET       6     -0.68447    -0.012367      0.47526      0.92509 meclofenamic-acid
medetomidine                          SET       6     -0.92182    -0.016655      0.46381      0.97656 medetomidine
medroxyprogesterone-acetate           SET       2       1.2112     0.012636      0.85673     0.078719 medroxyprogesterone-acetate
mefenamic-acid                        SET       4      0.82198     0.012127      0.57499     0.076432 mefenamic-acid
megestrol-acetate                     SET       2     -0.63504   -0.0066251       0.8595         0.77 megestrol-acetate
melatonin                             SET      10       1.3397     0.031244      0.36046   0.00010132 melatonin
melperone                             SET       2     -0.39488   -0.0041196      0.83118      0.68263 melperone
menadione                             SET      13      0.23185     0.006165      0.27018      0.19541 menadione
mephentermine                         SET       9     -0.64181    -0.014201       0.3877      0.95107 mephentermine
mercaptopurine                        SET       3     -0.25032   -0.0031982      0.61654      0.65763 mercaptopurine
mesalazine                            SET       7      0.52454     0.010236      0.44839      0.12104 mesalazine
mestinon                              SET       2      0.48588     0.005069      0.63019      0.22036 mestinon
metergoline                           SET      10    -0.025687  -0.00059909      0.37771      0.52711 metergoline
metformin                             SET       2      -1.2649    -0.013196      0.77492      0.94868 metformin
methantheline                         SET       2     -0.71077   -0.0074151      0.78112      0.81856 methantheline
metharbital                           SET      17     -0.18065   -0.0054922      0.30931      0.72039 metharbital
methoxamine                           SET       3      -1.2983    -0.016588      0.70589      0.96705 methoxamine
methoxsalen                           SET       5      0.12026    0.0019835      0.50159      0.40526 methoxsalen
methoxyflurane                        SET      18     -0.40304    -0.012609       0.2932      0.91536 methoxyflurane
methscopolamine                       SET       3     -0.80487    -0.010284      0.65251       0.8913 methscopolamine
methyldopa                            SET       4     -0.38912   -0.0057407      0.54638      0.76182 methyldopa
methylergometrine                     SET       5     -0.31086   -0.0051273      0.54148      0.71705 methylergometrine
methysergide                          SET       9      0.17094    0.0037823      0.39649      0.33319 methysergide
metoclopramide                        SET       5    -0.028625  -0.00047214      0.52674      0.52167 metoclopramide
metronidazole                         SET       2      -0.1823   -0.0019018      0.74841      0.59622 metronidazole
mexiletine                            SET       3      0.37219    0.0047554      0.63581      0.27915 mexiletine
mianserin                             SET       9     -0.49184    -0.010883      0.39355       0.8943 mianserin
midostaurin                           SET       2      0.90958    0.0094892      0.83425       0.1378 midostaurin
mifepristone                          SET       3     -0.59008   -0.0075394      0.66345      0.81311 mifepristone
miglitol                              SET       4    -0.097404    -0.001437      0.46649       0.5827 miglitol
milrinone                             SET       4      0.91347     0.013476      0.48249     0.029172 milrinone
minodronic-acid                       SET       2      0.17696    0.0018462      0.60687       0.3853 minodronic-acid
minoxidil                             SET       6      0.94718     0.017113      0.46186      0.02015 minoxidil
mirtazapine                           SET       4     -0.74474    -0.010987      0.55028      0.91202 mirtazapine
misoprostol                           SET       4     0.017942    0.0002647      0.45622      0.48432 misoprostol
mitiglinide                           SET       3        2.767     0.035354      0.66058   1.4093e-05 mitiglinide
mitotane                              SET       3      0.17695    0.0022608      0.54906      0.37362 mitotane
molindone                             SET       3     -0.10676   -0.0013641      0.66262        0.564 molindone
moxonidine                            SET       3     -0.63571   -0.0081223      0.61527      0.84924 moxonidine
mozavaptan                            SET       2      -1.3993    -0.014599       0.8653      0.94707 mozavaptan
mycophenolate-mofetil                 SET       2    -0.043374   -0.0004525      0.66326      0.52607 mycophenolate-mofetil
mycophenolic-acid                     SET       2    -0.043374   -0.0004525      0.66326      0.52607 mycophenolic-acid
nabumetone                            SET       2      -1.3544    -0.014129      0.78597      0.95756 nabumetone
nadolol                               SET       3    0.0074367   9.5017e-05      0.70572       0.4958 nadolol
nafamostat                            SET       6    -0.024088  -0.00043522      0.45394      0.52116 nafamostat
nafcillin                             SET       3     -0.13798   -0.0017629      0.61106      0.58932 nafcillin
nalbuphine                            SET       3      0.21645    0.0027655      0.65575      0.37067 nalbuphine
naloxone                              SET       6       0.8067     0.014575      0.48083     0.046711 naloxone
naltrexone                            SET       4     0.035621   0.00052551      0.53631      0.47352 naltrexone
naphazoline                           SET       2     -0.23176   -0.0024179      0.82548      0.61055 naphazoline
naproxen                              SET       2      -1.3544    -0.014129      0.78597      0.95756 naproxen
nateglinide                           SET       4       2.5659     0.037855       0.5434   1.1768e-06 nateglinide
nelfinavir                            SET       7     -0.27976   -0.0054595      0.45031      0.73278 nelfinavir
nemonapride                           SET       3       -0.201   -0.0025681      0.66156      0.61937 nemonapride
nepafenac                             SET       2      -1.3544    -0.014129      0.78597      0.95756 nepafenac
neratinib                             SET       3     -0.11397   -0.0014562      0.63819      0.57087 neratinib
nevirapine                            SET       7      0.18425    0.0035956      0.41641      0.32908 nevirapine
niacin                                SET       6      -1.0774    -0.019465      0.55657      0.97354 niacin
nicotinamide                          SET       4  -0.00055342  -8.1646e-06      0.55791       0.5004 nicotinamide
nicotine                              SET      15     -0.13648    -0.003898      0.31391      0.66814 nicotine
nifedipine                            SET      14     -0.65678    -0.018122      0.31547      0.98132 nifedipine
niflumic-acid                         SET      10      0.63467     0.014802      0.35436     0.036652 niflumic-acid
nilotinib                             SET       2     -0.12293   -0.0012825       0.8608      0.55678 nilotinib
nilvadipine                           SET       2     -0.37872    -0.003951      0.81624      0.67866 nilvadipine
nimesulide                            SET       4     -0.92577    -0.013658      0.56092      0.95056 nimesulide
nimodipine                            SET       2     0.054011   0.00056348      0.83623      0.47425 nimodipine
nintedanib                            SET       9      0.98829     0.021867      0.35359    0.0025977 nintedanib
nisoldipine                           SET       3     -0.43741   -0.0055887      0.66701      0.74401 nisoldipine
nitrendipine                          SET       3      -1.3846     -0.01769      0.66831      0.98085 nitrendipine
norepinephrine                        SET      12      -0.5235    -0.013374      0.34058      0.93785 norepinephrine
norgestrel                            SET       3      0.47898    0.0061199      0.70211      0.24756 norgestrel
nortriptyline                         SET      23     -0.44007     -0.01556      0.23157       0.9713 nortriptyline
olanzapine                            SET      45     -0.28187    -0.013932       0.1774      0.94395 olanzapine
olaparib                              SET       2     -0.20882   -0.0021785      0.66555      0.62314 olaparib
olopatadine                           SET       6     0.073167     0.001322      0.38386      0.42442 olopatadine
omeprazole                            SET       2      0.73447    0.0076624      0.71704      0.15285 omeprazole
omeprazole-magnesium                  SET       2      0.54706    0.0057072      0.80345      0.24798 omeprazole-magnesium
orlistat                              SET       6      0.20793    0.0037568      0.47741      0.33159 orlistat
oseltamivir-phosphate                 SET       3      -0.4695   -0.0059988      0.68108      0.75469 oseltamivir-phosphate
oxaprozin                             SET       2      -1.3544    -0.014129      0.78597      0.95756 oxaprozin
oxcarbazepine                         SET      10     0.048367    0.0011281      0.41339      0.45343 oxcarbazepine
oxibendazole                          SET       2      0.15705    0.0016385      0.56077      0.38972 oxibendazole
oxymetazoline                         SET       8     -0.32164     -0.00671       0.4055      0.78616 oxymetazoline
oxyphenonium                          SET       2     -0.99461    -0.010376      0.77347      0.90075 oxyphenonium
paclitaxel                            SET      22      0.28117    0.0097235      0.21071     0.091043 paclitaxel
palbociclib                           SET       2      0.88504    0.0092332      0.66128     0.090397 palbociclib
pancuronium                           SET       4     -0.91409    -0.013486      0.60554      0.93441 pancuronium
panobinostat                          SET       6      0.23535    0.0042523      0.46088       0.3048 panobinostat
papaverine                            SET       3      0.37791    0.0048284      0.58737      0.25999 papaverine
paracetamol                           SET       4     -0.21928   -0.0032351      0.52896      0.66076 paracetamol
paroxetine                            SET       8     -0.40462    -0.008441      0.38427      0.85381 paroxetine
pasireotide                           SET       4    -0.062926  -0.00092835      0.55268      0.54532 pasireotide
pazopanib                             SET      12       1.0218     0.026103      0.31139   0.00051778 pazopanib
pemetrexed                            SET       4    -0.099335   -0.0014655      0.58726      0.56716 pemetrexed
pentolinium                           SET       4      0.59595    0.0087921      0.64402       0.1774 pentolinium
pentoxifylline                        SET      29      0.11444     0.004543      0.17921      0.26155 pentoxifylline
perospirone                           SET       3       -0.201   -0.0025681      0.66156      0.61937 perospirone
perphenazine                          SET       7     -0.24672   -0.0048147      0.44193      0.71167 perphenazine
phenacemide                           SET      10     0.048367    0.0011281      0.41339      0.45343 phenacemide
phenazone                             SET       2      -1.3544    -0.014129      0.78597      0.95756 phenazone
phenelzine                            SET       8    -0.085596   -0.0017857      0.35565      0.59509 phenelzine
phenol                                SET       6     -0.57787    -0.010441       0.4189      0.91612 phenol
phenoxybenzamine                      SET       6     -0.92182    -0.016655      0.46381      0.97656 phenoxybenzamine
phentolamine                          SET       6     -0.92182    -0.016655      0.46381      0.97656 phentolamine
phenylephrine                         SET       3      -1.2983    -0.016588      0.70589      0.96705 phenylephrine
phenytoin                             SET      10     0.048367    0.0011281      0.41339      0.45343 phenytoin
physostigmine                         SET       2      0.48588     0.005069      0.63019      0.22036 physostigmine
pilocarpine                           SET       5    -0.014864  -0.00024517      0.47776      0.51241 pilocarpine
pimavanserin                          SET       2     -0.39488   -0.0041196      0.83118      0.68263 pimavanserin
pimozide                              SET      12     -0.28648   -0.0073189      0.34378      0.79766 pimozide
pinacidil                             SET       2       2.5837     0.026954      0.86415    0.0013974 pinacidil
pindolol                              SET       5    -0.098503   -0.0016247      0.54276      0.57201 pindolol
pipamperone                           SET       6      0.18752     0.003388      0.47889      0.34769 pipamperone
piracetam                             SET       3     -0.83194     -0.01063      0.70436      0.88122 piracetam
pirenzepine                           SET       5    -0.014864  -0.00024517      0.47776      0.51241 pirenzepine
piretanide                            SET       2       1.5674     0.016352      0.87101     0.035976 piretanide
pirfenidone                           SET       2      -0.4704   -0.0049075      0.62855      0.77288 pirfenidone
piribedil                             SET       8     -0.46823    -0.009768      0.41522      0.87026 piribedil
pizotifen                             SET       2      -1.5632    -0.016308      0.87371       0.9632 pizotifen
plerixafor                            SET       3     -0.99366    -0.012696      0.71347      0.91814 plerixafor
podophyllotoxin                       SET       4      0.43074    0.0063546      0.38642       0.1325 podophyllotoxin
ponatinib                             SET      15      0.42279     0.012075      0.28785     0.070958 ponatinib
pralidoxime                           SET       2      0.48588     0.005069      0.63019      0.22036 pralidoxime
pralidoxime-chloride                  SET       2      0.48588     0.005069      0.63019      0.22036 pralidoxime-chloride
pramipexole                           SET      13     -0.19989   -0.0053152       0.3207      0.73345 pramipexole
pranlukast                            SET       6      0.31936    0.0057701      0.46015      0.24383 pranlukast
pravastatin                           SET       2     -0.29653   -0.0030935      0.75801      0.65217 pravastatin
prazosin                              SET       9      -0.4231   -0.0093617      0.37346      0.87137 prazosin
prednisolone                          SET       3     -0.91074    -0.011636      0.66809      0.91358 prednisolone
prednisone                            SET       2     0.058602   0.00061136      0.64738      0.46394 prednisone
primidone                             SET      27    -0.098489   -0.0037727      0.24771      0.65453 primidone
probenecid                            SET       5     -0.80102    -0.013212       0.5328      0.93362 probenecid
probucol                              SET       3      0.31235    0.0039908      0.70599      0.32909 probucol
procainamide                          SET       2      0.62223    0.0064914      0.84999      0.23208 procainamide
procaine                              SET      16      -0.6394     -0.01886      0.28886      0.98656 procaine
prochlorperazine                      SET       4      -0.1384   -0.0020418       0.5836      0.59373 prochlorperazine
progesterone                          SET       9     -0.30484    -0.006745      0.31209      0.83565 progesterone
promazine                             SET      14     -0.32629   -0.0090032       0.3041      0.85835 promazine
propantheline                         SET       4     -0.28672     -0.00423      0.56764      0.69326 propantheline
propofol                              SET      16     -0.16952   -0.0050001       0.3033      0.71188 propofol
propranolol                           SET       2      0.85566    0.0089267      0.86513      0.16132 propranolol
propylthiouracil                      SET       2     0.010096   0.00010532      0.69412       0.4942 propylthiouracil
proquazone                            SET       2      -1.3544    -0.014129      0.78597      0.95756 proquazone
protriptyline                         SET       2      -1.0952    -0.011426      0.76021      0.92515 protriptyline
proxymetacaine                        SET       2      -0.2776   -0.0028961      0.87375      0.62465 proxymetacaine
pyridoxine                            SET       2      0.95635    0.0099772        0.836      0.12633 pyridoxine
pyrimethamine                         SET       2      -1.2914    -0.013472       1.0816      0.88375 pyrimethamine
quercetin                             SET       6       1.1225     0.020281      0.48542     0.010381 quercetin
quetiapine                            SET      27     -0.36669    -0.014046      0.22123      0.95128 quetiapine
quinidine                             SET       9     0.090693    0.0020067      0.35998      0.40055 quinidine
quinine                               SET       4     0.063875   0.00094235      0.57848      0.45604 quinine
raloxifene                            SET       2      0.74366    0.0077582      0.79127      0.17366 raloxifene
ramatroban                            SET       2     0.041573   0.00043371      0.67156      0.47532 ramatroban
ramelteon                             SET       2        3.049     0.031809      0.87849    0.0002601 ramelteon
regorafenib                           SET      18      0.42342     0.013246      0.26806     0.057112 regorafenib
repaglinide                           SET       3       3.6979     0.047247      0.63916   3.6736e-09 repaglinide
reserpine                             SET       2       0.5281    0.0055094      0.86964      0.27184 reserpine
resorcinol                            SET       4     -0.50211   -0.0074077      0.49842      0.84312 resorcinol
retinol                               SET      21     -0.16234   -0.0054851      0.23722      0.75312 retinol
ribavirin                             SET       5     -0.58546   -0.0096566       0.4972       0.8805 ribavirin
riboflavin                            SET       2    -0.043927  -0.00045827      0.67315      0.52601 riboflavin
rifampin                              SET       4      -0.5314   -0.0078397      0.57686      0.82152 rifampin
rifapentine                           SET       3      -0.3291   -0.0042049      0.63164      0.69882 rifapentine
rilpivirine                           SET       2     -0.97877    -0.010211      0.79331      0.89135 rilpivirine
riluzole                              SET      15     0.047961    0.0013698      0.32214      0.44082 riluzole
rimexolone                            SET       2      -1.0735      -0.0112      0.80786      0.90805 rimexolone
ripasudil                             SET       2     -0.97803    -0.010203      0.66283      0.92996 ripasudil
risperidone                           SET      19     -0.38413    -0.012346      0.26711      0.92478 risperidone
ritonavir                             SET      10     -0.32847   -0.0076609      0.36115      0.81846 ritonavir
rivastigmine                          SET       2      0.48588     0.005069      0.63019      0.22036 rivastigmine
rizatriptan                           SET       5     0.045993   0.00075861      0.53976      0.46605 rizatriptan
rocuronium                            SET       3     -0.86134    -0.011005      0.69227      0.89328 rocuronium
roflumilast                           SET       4      0.18874    0.0027845      0.50296      0.35373 roflumilast
romidepsin                            SET       7      0.42169    0.0082292      0.38092      0.13414 romidepsin
ropinirole                            SET      13     -0.19989   -0.0053152       0.3207      0.73345 ropinirole
rotigotine                            SET       7       -0.681     -0.01329      0.42801       0.9442 rotigotine
rotundine                             SET       4     -0.41215   -0.0060805      0.59549      0.75557 rotundine
rufinamide                            SET      11    -0.030003  -0.00073389      0.39101      0.53058 rufinamide
rupatadine                            SET       2    -0.044274  -0.00046189      0.82241      0.52147 rupatadine
ruxolitinib                           SET       4     0.083515    0.0012321      0.57494      0.44225 ruxolitinib
salicylic-acid                        SET       4     -0.91258    -0.013463      0.56695      0.94625 salicylic-acid
sapropterin                           SET       4      0.92408     0.013633      0.56578     0.051212 sapropterin
sasapyrine                            SET       2      -1.3544    -0.014129      0.78597      0.95756 sasapyrine
scopolamine                           SET       6     -0.31723   -0.0057316      0.44587       0.7616 scopolamine
serotonin                             SET      16    0.0068896   0.00020322      0.30328      0.49094 serotonin
sertraline                            SET       2      -1.5615     -0.01629      0.75573      0.98059 sertraline
setiptiline                           SET       2     -0.30289   -0.0031599      0.81898      0.64425 setiptiline
sildenafil                            SET       5     -0.36838   -0.0060761      0.37624      0.83623 sildenafil
simvastatin                           SET       2      0.82619    0.0086192      0.84689      0.16465 simvastatin
sirolimus                             SET       2       1.4886      0.01553      0.85956     0.041658 sirolimus
somatostatin                          SET       7      0.24885    0.0048563      0.42146      0.27745 somatostatin
sorafenib                             SET      11      0.82209     0.020109      0.33648     0.007284 sorafenib
sotalol                               SET       3      0.96403     0.012317      0.69874     0.083855 sotalol
spiperone                             SET      14     -0.47355    -0.013067       0.3169      0.93245 spiperone
spironolactone                        SET      21     -0.10801   -0.0036493      0.23201      0.67922 spironolactone
succinylcholine-chloride              SET       6     -0.83934    -0.015165      0.47315      0.96195 succinylcholine-chloride
sulfasalazine                         SET      11    -0.012826  -0.00031373      0.33667      0.51519 sulfasalazine
sumatriptan                           SET       8    0.0053779   0.00011219      0.42257      0.49492 sumatriptan
sunitinib                             SET      10      0.98682     0.023015      0.34883    0.0023376 sunitinib
suramin                               SET      10     0.011009   0.00025677      0.32015      0.48628 suramin
tacrine                               SET       2      0.48588     0.005069      0.63019      0.22036 tacrine
tadalafil                             SET       2      0.80357    0.0083833       0.6743      0.11669 tadalafil
talipexole                            SET       3     0.051691   0.00066045      0.66244       0.4689 talipexole
tamibarotene                          SET       2      0.11358    0.0011849      0.92751      0.45127 tamibarotene
tamoxifen                             SET      11     -0.12056   -0.0029489       0.3454      0.63647 tamoxifen
tamsulosin                            SET       3      -1.2983    -0.016588      0.70589      0.96705 tamsulosin
tazarotene                            SET       4     0.072732     0.001073      0.53861      0.44629 tazarotene
telmisartan                           SET       2       3.3234     0.034672      0.86797   6.4556e-05 telmisartan
tenoxicam                             SET       2      -1.3544    -0.014129      0.78597      0.95756 tenoxicam
tetrabenazine                         SET       2       0.5281    0.0055094      0.86964      0.27184 tetrabenazine
tetracaine                            SET      10     0.048367    0.0011281      0.41339      0.45343 tetracaine
thiamine                              SET       3      0.14625    0.0018686      0.66031      0.41236 thiamine
thiethylperazine                      SET       3     -0.11356    -0.001451      0.67373      0.56693 thiethylperazine
thiocolchicoside                      SET       5     0.047193   0.00077839       0.5744      0.46726 thiocolchicoside
thioctic-acid                         SET       2      0.19886    0.0020746       0.5951      0.36913 thioctic-acid
thioguanine                           SET       2    -0.043374   -0.0004525      0.66326      0.52607 thioguanine
thioproperazine                       SET       6     -0.86752    -0.015674       0.4942       0.9604 thioproperazine
thiotepa                              SET       2     -0.39662   -0.0041378      0.79352       0.6914 thiotepa
tiapride                              SET       2     0.034379   0.00035866      0.81115       0.4831 tiapride
tiludronate                           SET       3     -0.39917   -0.0051002      0.56861      0.75866 tiludronate
timolol                               SET       2      0.85566    0.0089267      0.86513      0.16132 timolol
tiotropium                            SET       3     -0.80487    -0.010284      0.65251       0.8913 tiotropium
tiratricol                            SET       2     -0.54179   -0.0056523      0.76827      0.75966 tiratricol
tirofiban                             SET       2      0.66761    0.0069648      0.73124      0.18063 tirofiban
tivozanib                             SET       6      0.68927     0.012453      0.50342     0.085484 tivozanib
tizanidine                            SET       4     -0.10647   -0.0015707      0.43946      0.59571 tizanidine
tofacitinib                           SET       3    -0.057164  -0.00073038      0.68779      0.53312 tofacitinib
tolazamide                            SET       4        1.359     0.020049      0.54557    0.0063748 tolazamide
tolazoline                            SET       6     -0.58876    -0.010637      0.45412      0.90259 tolazoline
tolbutamide                           SET       4       2.0355      0.03003      0.56733   0.00016712 tolbutamide
tolmetin                              SET       2      -1.3544    -0.014129      0.78597      0.95756 tolmetin
tolperisone                           SET       2     -0.59245   -0.0061808      0.86216      0.75401 tolperisone
tolterodine                           SET       5    -0.014864  -0.00024517      0.47776      0.51241 tolterodine
topiramate                            SET      36     -0.25382    -0.011224      0.20128      0.89635 topiramate
topotecan                             SET       2      0.52791    0.0055075      0.72488      0.23323 topotecan
trametinib                            SET       2      0.47849    0.0049918      0.83891      0.28422 trametinib
tranilast                             SET       2      0.30256    0.0031565      0.75474      0.34426 tranilast
trazodone                             SET       7     -0.55604    -0.010851      0.42943       0.9023 trazodone
treprostinil                          SET       3     -0.84596    -0.010809      0.54838      0.93853 treprostinil
tretinoin                             SET      13    -0.092156   -0.0024504      0.29502      0.62262 tretinoin
triamcinolone-acetonide               SET       2      -1.0735      -0.0112      0.80786      0.90805 triamcinolone-acetonide
triamterene                           SET       4      0.69225     0.010213      0.45402     0.063676 triamterene
trichlormethiazide                    SET       3     -0.72023   -0.0092023      0.66389        0.861 trichlormethiazide
trifluoperazine                       SET       9     -0.61785    -0.013671      0.29811      0.98089 trifluoperazine
triflupromazine                       SET       5    -0.071135   -0.0011733      0.51156       0.5553 triflupromazine
triflusal                             SET       4    -0.024901  -0.00036736       0.6001      0.51655 triflusal
trimethadione                         SET       3     -0.13039    -0.001666      0.69302      0.57462 trimethadione
trimethoprim                          SET       2     -0.83304   -0.0086907        1.046      0.78709 trimethoprim
tropicamide                           SET       2      0.14503     0.001513      0.82495      0.43023 tropicamide
tropisetron                           SET       4       0.1561    0.0023029      0.61014      0.39904 tropisetron
tryptophan                            SET       4      0.33878     0.004998      0.58895      0.28257 tryptophan
tubocurarine                          SET       8      0.24541    0.0051196      0.37305      0.25533 tubocurarine
ubenimex                              SET       2      0.77357    0.0080702      0.81044      0.16992 ubenimex
ufenamate                             SET       2      -1.3544    -0.014129      0.78597      0.95756 ufenamate
umeclidinium                          SET       3     -0.80487    -0.010284      0.65251       0.8913 umeclidinium
urea                                  SET       3     -0.32072   -0.0040978      0.53312      0.72627 urea
valproic-acid                         SET      21     -0.10085   -0.0034074      0.26683      0.64726 valproic-acid
vandetanib                            SET      26     0.039337    0.0014787      0.21619      0.42781 vandetanib
vardenafil                            SET       3     -0.15636   -0.0019978      0.43276      0.64107 vardenafil
varenicline                           SET       4        -0.11   -0.0016228      0.65394      0.56679 varenicline
vemurafenib                           SET       2       1.7127     0.017867      0.84479     0.021322 vemurafenib
verapamil                             SET      20      0.16018     0.005282      0.25163       0.2622 verapamil
vilazodone                            SET       6     -0.38872   -0.0070232      0.45946      0.80122 vilazodone
vinburnine                            SET       4     -0.28672     -0.00423      0.56764      0.69326 vinburnine
vindesine                             SET       2     -0.41533   -0.0043329      0.55753      0.77184 vindesine
vinpocetine                           SET       2     -0.80177   -0.0083645      0.82029      0.83581 vinpocetine
voriconazole                          SET       5     -0.14949   -0.0024656       0.5623      0.60482 voriconazole
vorinostat                            SET       7      0.23638    0.0046129      0.37185       0.2625 vorinostat
vortioxetine                          SET       8     -0.54346    -0.011337      0.41089      0.90701 vortioxetine
xylazine                              SET       3     -0.63571   -0.0081223      0.61527      0.84924 xylazine
xylometazoline                        SET       6     -0.92182    -0.016655      0.46381      0.97656 xylometazoline
yohimbine                             SET      21      0.12585    0.0042522      0.24687       0.3051 yohimbine
ziprasidone                           SET      25     -0.32458    -0.011964      0.22651      0.92406 ziprasidone
zoledronic-acid                       SET       2      0.17696    0.0018462      0.60687       0.3853 zoledronic-acid
zolmitriptan                          SET       5     0.045993   0.00075861      0.53976      0.46605 zolmitriptan
zonisamide                            SET      31     -0.45327    -0.018602      0.21294      0.98335 zonisamide
zuclopenthixol                        SET       7     -0.24534   -0.0047878      0.44498       0.7093 zuclopenthixol
